mode: set
github.com/onurdegerli/bookings/cmd/web/main.go:22.13,24.16 2 0
github.com/onurdegerli/bookings/cmd/web/main.go:28.2,36.16 4 0
github.com/onurdegerli/bookings/cmd/web/main.go:24.16,26.3 1 0
github.com/onurdegerli/bookings/cmd/web/main.go:39.18,52.16 10 1
github.com/onurdegerli/bookings/cmd/web/main.go:58.2,66.12 6 1
github.com/onurdegerli/bookings/cmd/web/main.go:52.16,56.3 2 0
github.com/onurdegerli/bookings/cmd/web/middleware.go:9.45,20.2 3 1
github.com/onurdegerli/bookings/cmd/web/middleware.go:22.50,24.2 1 1
github.com/onurdegerli/bookings/cmd/web/routes.go:12.49,35.2 18 1
